# JRE version: OpenJDK Runtime Environment Temurin-17.0.7+7 (17.0.7+7) (build 17.0.7+7)
# Java VM: OpenJDK 64-Bit Server VM Temurin-17.0.7+7 (17.0.7+7, mixed mode, tiered, compressed oops, compressed class ptrs, g1 gc, windows-amd64)
GC Precious Log:
 CPUs: 8 total, 8 available
 Memory: 7835M
 Large Page Support: Disabled
 NUMA Support: Disabled
 Compressed Oops: Enabled (32-bit)
 Heap Region Size: 1M
 Heap Min Capacity: 8M
 Heap Initial Capacity: 124M
 Heap Max Capacity: 2G
 Pre-touch: Disabled
 Parallel Workers: 8
 Concurrent Workers: 2
 Concurrent Refinement Workers: 8
 Periodic GC: Disabled
Heap:
 garbage-first heap   total 111616K, used 47904K [0x0000000080000000, 0x0000000100000000)
  region size 1024K, 21 young (21504K), 8 survivors (8192K)
 Metaspace       used 44206K, committed 44736K, reserved 1114112K
  class space    used 4898K, committed 5120K, reserved 1048576K
GC Heap History (20 events):
Event: 1.787 GC heap before
{Heap before GC invocations=3 (full 0):
 garbage-first heap   total 126976K, used 45655K [0x0000000080000000, 0x0000000100000000)
  region size 1024K, 32 young (32768K), 6 survivors (6144K)
 Metaspace       used 21320K, committed 21504K, reserved 1114112K
  class space    used 2231K, committed 2304K, reserved 1048576K
}
Event: 1.792 GC heap after
{Heap after GC invocations=4 (full 0):
 garbage-first heap   total 126976K, used 21034K [0x0000000080000000, 0x0000000100000000)
  region size 1024K, 5 young (5120K), 5 survivors (5120K)
 Metaspace       used 21320K, committed 21504K, reserved 1114112K
  class space    used 2231K, committed 2304K, reserved 1048576K
}
Event: 1.999 GC heap before
{Heap before GC invocations=5 (full 0):
 garbage-first heap   total 75776K, used 58922K [0x0000000080000000, 0x0000000100000000)
  region size 1024K, 43 young (44032K), 5 survivors (5120K)
 Metaspace       used 22078K, committed 22272K, reserved 1114112K
  class space    used 2310K, committed 2432K, reserved 1048576K
}
Event: 2.008 GC heap after
{Heap after GC invocations=6 (full 0):
 garbage-first heap   total 91136K, used 21958K [0x0000000080000000, 0x0000000100000000)
  region size 1024K, 6 young (6144K), 6 survivors (6144K)
 Metaspace       used 22078K, committed 22272K, reserved 1114112K
  class space    used 2310K, committed 2432K, reserved 1048576K
}
Event: 2.525 GC heap before
{Heap before GC invocations=6 (full 0):
 garbage-first heap   total 91136K, used 62918K [0x0000000080000000, 0x0000000100000000)
  region size 1024K, 46 young (47104K), 6 survivors (6144K)
 Metaspace       used 26354K, committed 26688K, reserved 1114112K
  class space    used 2750K, committed 2880K, reserved 1048576K
}
Event: 2.535 GC heap after
{Heap after GC invocations=7 (full 0):
 garbage-first heap   total 91136K, used 25557K [0x0000000080000000, 0x0000000100000000)
  region size 1024K, 6 young (6144K), 6 survivors (6144K)
 Metaspace       used 26354K, committed 26688K, reserved 1114112K
  class space    used 2750K, committed 2880K, reserved 1048576K
}
Event: 3.022 GC heap before
{Heap before GC invocations=7 (full 0):
 garbage-first heap   total 91136K, used 64469K [0x0000000080000000, 0x0000000100000000)
  region size 1024K, 44 young (45056K), 6 survivors (6144K)
 Metaspace       used 31521K, committed 31808K, reserved 1114112K
  class space    used 3367K, committed 3520K, reserved 1048576K
}
Event: 3.030 GC heap after
{Heap after GC invocations=8 (full 0):
 garbage-first heap   total 91136K, used 27466K [0x0000000080000000, 0x0000000100000000)
  region size 1024K, 3 young (3072K), 3 survivors (3072K)
 Metaspace       used 31521K, committed 31808K, reserved 1114112K
  class space    used 3367K, committed 3520K, reserved 1048576K
}
Event: 3.140 GC heap before
{Heap before GC invocations=8 (full 0):
 garbage-first heap   total 91136K, used 69450K [0x0000000080000000, 0x0000000100000000)
  region size 1024K, 41 young (41984K), 3 survivors (3072K)
 Metaspace       used 32711K, committed 33088K, reserved 1114112K
  class space    used 3447K, committed 3648K, reserved 1048576K
}
Event: 3.144 GC heap after
{Heap after GC invocations=9 (full 0):
 garbage-first heap   total 91136K, used 27811K [0x0000000080000000, 0x0000000100000000)
  region size 1024K, 3 young (3072K), 3 survivors (3072K)
 Metaspace       used 32711K, committed 33088K, reserved 1114112K
  class space    used 3447K, committed 3648K, reserved 1048576K
}
Event: 3.414 GC heap before
{Heap before GC invocations=9 (full 0):
 garbage-first heap   total 91136K, used 68771K [0x0000000080000000, 0x0000000100000000)
  region size 1024K, 43 young (44032K), 3 survivors (3072K)
 Metaspace       used 34633K, committed 35008K, reserved 1114112K
  class space    used 3661K, committed 3840K, reserved 1048576K
}
Event: 3.419 GC heap after
{Heap after GC invocations=10 (full 0):
 garbage-first heap   total 111616K, used 28745K [0x0000000080000000, 0x0000000100000000)
  region size 1024K, 4 young (4096K), 4 survivors (4096K)
 Metaspace       used 34633K, committed 35008K, reserved 1114112K
  class space    used 3661K, committed 3840K, reserved 1048576K
}
Event: 3.741 GC heap before
{Heap before GC invocations=10 (full 0):
 garbage-first heap   total 111616K, used 86089K [0x0000000080000000, 0x0000000100000000)
  region size 1024K, 60 young (61440K), 4 survivors (4096K)
 Metaspace       used 35048K, committed 35456K, reserved 1114112K
  class space    used 3697K, committed 3904K, reserved 1048576K
}
Event: 3.746 GC heap after
{Heap after GC invocations=11 (full 0):
 garbage-first heap   total 111616K, used 29324K [0x0000000080000000, 0x0000000100000000)
  region size 1024K, 5 young (5120K), 5 survivors (5120K)
 Metaspace       used 35048K, committed 35456K, reserved 1114112K
  class space    used 3697K, committed 3904K, reserved 1048576K
}
Event: 3.984 GC heap before
{Heap before GC invocations=11 (full 0):
 garbage-first heap   total 111616K, used 88716K [0x0000000080000000, 0x0000000100000000)
  region size 1024K, 63 young (64512K), 5 survivors (5120K)
 Metaspace       used 35165K, committed 35584K, reserved 1114112K
  class space    used 3704K, committed 3904K, reserved 1048576K
}
Event: 3.990 GC heap after
{Heap after GC invocations=12 (full 0):
 garbage-first heap   total 111616K, used 29730K [0x0000000080000000, 0x0000000100000000)
  region size 1024K, 5 young (5120K), 5 survivors (5120K)
 Metaspace       used 35165K, committed 35584K, reserved 1114112K
  class space    used 3704K, committed 3904K, reserved 1048576K
}
Event: 4.074 GC heap before
{Heap before GC invocations=12 (full 0):
 garbage-first heap   total 111616K, used 60450K [0x0000000080000000, 0x0000000100000000)
  region size 1024K, 36 young (36864K), 5 survivors (5120K)
 Metaspace       used 35500K, committed 35968K, reserved 1114112K
  class space    used 3735K, committed 3968K, reserved 1048576K
}
Event: 4.084 GC heap after
{Heap after GC invocations=13 (full 0):
 garbage-first heap   total 111616K, used 31827K [0x0000000080000000, 0x0000000100000000)
  region size 1024K, 5 young (5120K), 5 survivors (5120K)
 Metaspace       used 35500K, committed 35968K, reserved 1114112K
  class space    used 3735K, committed 3968K, reserved 1048576K
}
Event: 5.600 GC heap before
{Heap before GC invocations=14 (full 0):
 garbage-first heap   total 111616K, used 91219K [0x0000000080000000, 0x0000000100000000)
  region size 1024K, 63 young (64512K), 5 survivors (5120K)
 Metaspace       used 43395K, committed 43904K, reserved 1114112K
  class space    used 4803K, committed 5056K, reserved 1048576K
}
Event: 5.612 GC heap after
{Heap after GC invocations=15 (full 0):
 garbage-first heap   total 111616K, used 35616K [0x0000000080000000, 0x0000000100000000)
  region size 1024K, 8 young (8192K), 8 survivors (8192K)
 Metaspace       used 43395K, committed 43904K, reserved 1114112K
  class space    used 4803K, committed 5056K, reserved 1048576K
}

