# JRE version: OpenJDK Runtime Environment Temurin-17.0.7+7 (17.0.7+7) (build 17.0.7+7)
# Java VM: OpenJDK 64-Bit Server VM Temurin-17.0.7+7 (17.0.7+7, mixed mode, tiered, compressed oops, compressed class ptrs, g1 gc, windows-amd64)
GC Precious Log:
 CPUs: 8 total, 8 available
 Memory: 7835M
 Large Page Support: Disabled
 NUMA Support: Disabled
 Compressed Oops: Enabled (32-bit)
 Heap Region Size: 1M
 Heap Min Capacity: 8M
 Heap Initial Capacity: 124M
 Heap Max Capacity: 2G
 Pre-touch: Disabled
 Parallel Workers: 8
 Concurrent Workers: 2
 Concurrent Refinement Workers: 8
 Periodic GC: Disabled
Heap:
 garbage-first heap   total 109568K, used 48533K [0x0000000080000000, 0x0000000100000000)
  region size 1024K, 22 young (22528K), 8 survivors (8192K)
 Metaspace       used 44210K, committed 44672K, reserved 1114112K
  class space    used 4898K, committed 5120K, reserved 1048576K
GC Heap History (20 events):
Event: 2.167 GC heap before
{Heap before GC invocations=5 (full 0):
 garbage-first heap   total 75776K, used 58686K [0x0000000080000000, 0x0000000100000000)
  region size 1024K, 43 young (44032K), 5 survivors (5120K)
 Metaspace       used 22097K, committed 22336K, reserved 1114112K
  class space    used 2310K, committed 2432K, reserved 1048576K
}
Event: 2.174 GC heap after
{Heap after GC invocations=6 (full 0):
 garbage-first heap   total 75776K, used 21723K [0x0000000080000000, 0x0000000100000000)
  region size 1024K, 6 young (6144K), 6 survivors (6144K)
 Metaspace       used 22097K, committed 22336K, reserved 1114112K
  class space    used 2310K, committed 2432K, reserved 1048576K
}
Event: 2.505 GC heap before
{Heap before GC invocations=6 (full 0):
 garbage-first heap   total 75776K, used 52443K [0x0000000080000000, 0x0000000100000000)
  region size 1024K, 36 young (36864K), 6 survivors (6144K)
 Metaspace       used 24352K, committed 24640K, reserved 1114112K
  class space    used 2526K, committed 2688K, reserved 1048576K
}
Event: 2.514 GC heap after
{Heap after GC invocations=7 (full 0):
 garbage-first heap   total 91136K, used 23337K [0x0000000080000000, 0x0000000100000000)
  region size 1024K, 4 young (4096K), 4 survivors (4096K)
 Metaspace       used 24352K, committed 24640K, reserved 1114112K
  class space    used 2526K, committed 2688K, reserved 1048576K
}
Event: 3.275 GC heap before
{Heap before GC invocations=7 (full 0):
 garbage-first heap   total 91136K, used 65321K [0x0000000080000000, 0x0000000100000000)
  region size 1024K, 45 young (46080K), 4 survivors (4096K)
 Metaspace       used 31540K, committed 31936K, reserved 1114112K
  class space    used 3367K, committed 3520K, reserved 1048576K
}
Event: 3.283 GC heap after
{Heap after GC invocations=8 (full 0):
 garbage-first heap   total 91136K, used 26775K [0x0000000080000000, 0x0000000100000000)
  region size 1024K, 6 young (6144K), 6 survivors (6144K)
 Metaspace       used 31540K, committed 31936K, reserved 1114112K
  class space    used 3367K, committed 3520K, reserved 1048576K
}
Event: 3.419 GC heap before
{Heap before GC invocations=8 (full 0):
 garbage-first heap   total 91136K, used 68759K [0x0000000080000000, 0x0000000100000000)
  region size 1024K, 45 young (46080K), 6 survivors (6144K)
 Metaspace       used 32737K, committed 33088K, reserved 1114112K
  class space    used 3447K, committed 3648K, reserved 1048576K
}
Event: 3.426 GC heap after
{Heap after GC invocations=9 (full 0):
 garbage-first heap   total 91136K, used 27756K [0x0000000080000000, 0x0000000100000000)
  region size 1024K, 1 young (1024K), 1 survivors (1024K)
 Metaspace       used 32737K, committed 33088K, reserved 1114112K
  class space    used 3447K, committed 3648K, reserved 1048576K
}
Event: 3.678 GC heap before
{Heap before GC invocations=9 (full 0):
 garbage-first heap   total 91136K, used 69740K [0x0000000080000000, 0x0000000100000000)
  region size 1024K, 42 young (43008K), 1 survivors (1024K)
 Metaspace       used 34591K, committed 35008K, reserved 1114112K
  class space    used 3658K, committed 3840K, reserved 1048576K
}
Event: 3.681 GC heap after
{Heap after GC invocations=10 (full 0):
 garbage-first heap   total 91136K, used 28107K [0x0000000080000000, 0x0000000100000000)
  region size 1024K, 2 young (2048K), 2 survivors (2048K)
 Metaspace       used 34591K, committed 35008K, reserved 1114112K
  class space    used 3658K, committed 3840K, reserved 1048576K
}
Event: 3.912 GC heap before
{Heap before GC invocations=10 (full 0):
 garbage-first heap   total 91136K, used 70091K [0x0000000080000000, 0x0000000100000000)
  region size 1024K, 43 young (44032K), 2 survivors (2048K)
 Metaspace       used 35018K, committed 35456K, reserved 1114112K
  class space    used 3697K, committed 3904K, reserved 1048576K
}
Event: 3.915 GC heap after
{Heap after GC invocations=11 (full 0):
 garbage-first heap   total 91136K, used 28541K [0x0000000080000000, 0x0000000100000000)
  region size 1024K, 2 young (2048K), 2 survivors (2048K)
 Metaspace       used 35018K, committed 35456K, reserved 1114112K
  class space    used 3697K, committed 3904K, reserved 1048576K
}
Event: 4.118 GC heap before
{Heap before GC invocations=11 (full 0):
 garbage-first heap   total 91136K, used 72573K [0x0000000080000000, 0x0000000100000000)
  region size 1024K, 45 young (46080K), 2 survivors (2048K)
 Metaspace       used 35093K, committed 35520K, reserved 1114112K
  class space    used 3697K, committed 3904K, reserved 1048576K
}
Event: 4.122 GC heap after
{Heap after GC invocations=12 (full 0):
 garbage-first heap   total 109568K, used 28942K [0x0000000080000000, 0x0000000100000000)
  region size 1024K, 3 young (3072K), 3 survivors (3072K)
 Metaspace       used 35093K, committed 35520K, reserved 1114112K
  class space    used 3697K, committed 3904K, reserved 1048576K
}
Event: 4.250 GC heap before
{Heap before GC invocations=12 (full 0):
 garbage-first heap   total 109568K, used 81166K [0x0000000080000000, 0x0000000100000000)
  region size 1024K, 54 young (55296K), 3 survivors (3072K)
 Metaspace       used 35186K, committed 35584K, reserved 1114112K
  class space    used 3704K, committed 3904K, reserved 1048576K
}
Event: 4.253 GC heap after
{Heap after GC invocations=13 (full 0):
 garbage-first heap   total 109568K, used 29550K [0x0000000080000000, 0x0000000100000000)
  region size 1024K, 3 young (3072K), 3 survivors (3072K)
 Metaspace       used 35186K, committed 35584K, reserved 1114112K
  class space    used 3704K, committed 3904K, reserved 1048576K
}
Event: 4.318 GC heap before
{Heap before GC invocations=13 (full 0):
 garbage-first heap   total 109568K, used 42862K [0x0000000080000000, 0x0000000100000000)
  region size 1024K, 17 young (17408K), 3 survivors (3072K)
 Metaspace       used 35530K, committed 35968K, reserved 1114112K
  class space    used 3736K, committed 3968K, reserved 1048576K
}
Event: 4.324 GC heap after
{Heap after GC invocations=14 (full 0):
 garbage-first heap   total 109568K, used 31580K [0x0000000080000000, 0x0000000100000000)
  region size 1024K, 5 young (5120K), 5 survivors (5120K)
 Metaspace       used 35530K, committed 35968K, reserved 1114112K
  class space    used 3736K, committed 3968K, reserved 1048576K
}
Event: 5.539 GC heap before
{Heap before GC invocations=15 (full 0):
 garbage-first heap   total 109568K, used 88924K [0x0000000080000000, 0x0000000100000000)
  region size 1024K, 62 young (63488K), 5 survivors (5120K)
 Metaspace       used 43314K, committed 43776K, reserved 1114112K
  class space    used 4792K, committed 4992K, reserved 1048576K
}
Event: 5.551 GC heap after
{Heap after GC invocations=16 (full 0):
 garbage-first heap   total 109568K, used 35221K [0x0000000080000000, 0x0000000100000000)
  region size 1024K, 8 young (8192K), 8 survivors (8192K)
 Metaspace       used 43314K, committed 43776K, reserved 1114112K
  class space    used 4792K, committed 4992K, reserved 1048576K
}

